# JRE version: Java(TM) SE Runtime Environment (13.0.1+9) (build 13.0.1+9)
# Java VM: Java HotSpot(TM) 64-Bit Server VM (13.0.1+9, mixed mode, sharing, tiered, compressed oops, g1 gc, windows-amd64)
Heap:
 garbage-first heap   total 285696K, used 169984K [0x0000000701000000, 0x0000000800000000)
  region size 1024K, 4 young (4096K), 2 survivors (2048K)
 Metaspace       used 9366K, capacity 9617K, committed 9856K, reserved 1058816K
  class space    used 955K, capacity 1056K, committed 1152K, reserved 1048576K
GC Heap History (10 events):
Event: 60.071 GC heap before
{Heap before GC invocations=0 (full 0):
 garbage-first heap   total 262144K, used 24576K [0x0000000701000000, 0x0000000800000000)
  region size 1024K, 24 young (24576K), 0 survivors (0K)
 Metaspace       used 8943K, capacity 9230K, committed 9344K, reserved 1056768K
  class space    used 945K, capacity 1081K, committed 1152K, reserved 1048576K
}
Event: 60.076 GC heap after
{Heap after GC invocations=1 (full 0):
 garbage-first heap   total 262144K, used 2637K [0x0000000701000000, 0x0000000800000000)
  region size 1024K, 3 young (3072K), 3 survivors (3072K)
 Metaspace       used 8943K, capacity 9230K, committed 9344K, reserved 1056768K
  class space    used 945K, capacity 1081K, committed 1152K, reserved 1048576K
}
Event: 13248.699 GC heap before
{Heap before GC invocations=1 (full 0):
 garbage-first heap   total 262144K, used 164429K [0x0000000701000000, 0x0000000800000000)
  region size 1024K, 153 young (156672K), 3 survivors (3072K)
 Metaspace       used 9410K, capacity 9692K, committed 9856K, reserved 1058816K
  class space    used 970K, capacity 1086K, committed 1152K, reserved 1048576K
}
Event: 13248.756 GC heap after
{Heap after GC invocations=2 (full 0):
 garbage-first heap   total 273408K, used 116201K [0x0000000701000000, 0x0000000800000000)
  region size 1024K, 20 young (20480K), 20 survivors (20480K)
 Metaspace       used 9410K, capacity 9692K, committed 9856K, reserved 1058816K
  class space    used 970K, capacity 1086K, committed 1152K, reserved 1048576K
}
Event: 13248.832 GC heap before
{Heap before GC invocations=2 (full 0):
 garbage-first heap   total 273408K, used 148969K [0x0000000701000000, 0x0000000800000000)
  region size 1024K, 52 young (53248K), 20 survivors (20480K)
 Metaspace       used 9411K, capacity 9692K, committed 9856K, reserved 1058816K
  class space    used 970K, capacity 1086K, committed 1152K, reserved 1048576K
}
Event: 13248.848 GC heap after
{Heap after GC invocations=3 (full 0):
 garbage-first heap   total 273408K, used 149918K [0x0000000701000000, 0x0000000800000000)
  region size 1024K, 7 young (7168K), 7 survivors (7168K)
 Metaspace       used 9411K, capacity 9692K, committed 9856K, reserved 1058816K
  class space    used 970K, capacity 1086K, committed 1152K, reserved 1048576K
}
Event: 13248.922 GC heap before
{Heap before GC invocations=3 (full 0):
 garbage-first heap   total 273408K, used 155038K [0x0000000701000000, 0x0000000800000000)
  region size 1024K, 13 young (13312K), 7 survivors (7168K)
 Metaspace       used 9411K, capacity 9692K, committed 9856K, reserved 1058816K
  class space    used 970K, capacity 1086K, committed 1152K, reserved 1048576K
}
Event: 13248.931 GC heap after
{Heap after GC invocations=4 (full 0):
 garbage-first heap   total 273408K, used 157184K [0x0000000701000000, 0x0000000800000000)
  region size 1024K, 2 young (2048K), 2 survivors (2048K)
 Metaspace       used 9411K, capacity 9692K, committed 9856K, reserved 1058816K
  class space    used 970K, capacity 1086K, committed 1152K, reserved 1048576K
}
Event: 13248.948 GC heap before
{Heap before GC invocations=4 (full 0):
 garbage-first heap   total 273408K, used 168448K [0x0000000701000000, 0x0000000800000000)
  region size 1024K, 13 young (13312K), 2 survivors (2048K)
 Metaspace       used 9413K, capacity 9692K, committed 9856K, reserved 1058816K
  class space    used 971K, capacity 1086K, committed 1152K, reserved 1048576K
}
Event: 13248.952 GC heap after
{Heap after GC invocations=5 (full 0):
 garbage-first heap   total 273408K, used 168960K [0x0000000701000000, 0x0000000800000000)
  region size 1024K, 2 young (2048K), 2 survivors (2048K)
 Metaspace       used 9413K, capacity 9692K, committed 9856K, reserved 1058816K
  class space    used 971K, capacity 1086K, committed 1152K, reserved 1048576K
}

